For001	283244	Rev001	145532 428776
For002	317242	Rev002	149420 466662
For003	135675	Rev003	55421 191096
For004	184626	Rev004	225450 410076
For005	249332	Rev005	336277 585609
For006	156110	Rev006	188693 344803
For007	203092	Rev007	170841 373933
For008	179917	Rev008	135701 315618
For009	200641	Rev009	153934 354575
For010	2105	Rev010	2219 4324
For011	50820	Rev011	56244 107064
For012	150413	Rev012	184879 335292
For013	82690	Rev013	126718 209408
For014	43610	Rev014	50765 94375
For015	36019	Rev015	37239 73258
For016	32806	Rev016	25993 58799
For017	44977	Rev017	35657 80634
For018	43265	Rev018	37791 81056
For019	19856	Rev019	23059 42915
For020	30687	Rev020	27978 58665
For021	29319	Rev021	27188 56507
For022	21071	Rev022	30528 51599
For023	72454	Rev023	67895 140349
For024	16237	Rev024	11158 27395
For025	166629	Rev025	160661 327290
For026	20870	Rev026	18964 39834
For027	57194	Rev027	51484 108678
For028	35153	Rev028	38321 73474
For029	42029	Rev029	45314 87343
For030	14290	Rev030	16651 30941
For031	232	Rev031	558 790
For032	135	Rev032	168 303
For033	12870	Rev033	14826 27696
For034	49527	Rev034	46131 95658
For035	424	Rev035	473 897
For036	1277	Rev036	1462 2739
For037	4366	Rev037	4407 8773
For038	2070	Rev038	1229 3299
For039	7888	Rev039	7966 15854
For040	21890	Rev040	21382 43272
For041	33662	Rev041	35414 69076
For042	2406	Rev042	1799 4205
For043	13519	Rev043	14147 27666
For044	242123	Rev044	272896 515019
For045	9764	Rev045	11959 21723
For046	25235	Rev046	26081 51316
For047	104196	Rev047	113826 218022
For048	18910	Rev048	16492 35402
For049	4085	Rev049	8796 12881
For050	12342	Rev050	15155 27497
For051	20340	Rev051	22644 42984
For052	3513	Rev052	3464 6977
For053	956	Rev053	575 1531
For054	825	Rev054	339 1164
For055	1504	Rev055	1715 3219
For056	34905	Rev056	33196 68101
For057	55337	Rev057	59453 114790
For058	8727	Rev058	9270 17997
For059	427	Rev059	544 971
For060	7230	Rev060	7045 14275
For061	692	Rev061	308 1000
For062	3273	Rev062	3869 7142
For063	1436	Rev063	1626 3062
For064	51780	Rev064	50430 102210
For065	25893	Rev065	27378 53271
For066	79752	Rev066	79715 159467
For067	2555	Rev067	1057 3612
For068	1092	Rev068	710 1802
For069	2142	Rev069	1462 3604
For070	782	Rev070	738 1520
For071	7872	Rev071	6245 14117
For072	13885	Rev072	13270 27155
For073	75681	Rev073	60426 136107
For074	18346	Rev074	13906 32252
For075	3460	Rev075	2818 6278
For076	36753	Rev076	27343 64096
For077	21560	Rev077	18851 40411
For078	10878	Rev078	11367 22245
For079	135546	Rev079	101719 237265
For080	43510	Rev080	35073 78583
For081	150109	Rev081	125201 275310
For082	347	Rev082	319 666
For083	1212	Rev083	3402 4614
For084	121287	Rev084	132707 253994
For085	101055	Rev085	121138 222193
For086	177389	Rev086	204083 381472
For087	140484	Rev087	130437 270921
For088	23008	Rev088	26464 49472
For089	143999	Rev089	148742 292741
For090	111449	Rev090	119429 230878
For091	34823	Rev091	40117 74940
For092	49636	Rev092	53370 103006
For093	94592	Rev093	102069 196661
For094	5758	Rev094	7038 12796
For095	12197	Rev095	13423 25620
For096	65274	Rev096	55021 120295
